# JRE version: OpenJDK Runtime Environment (24.0.1+9) (build 24.0.1+9-30)
# Java VM: OpenJDK 64-Bit Server VM (24.0.1+9-30, mixed mode, sharing, tiered, compressed oops, compressed class ptrs, g1 gc, windows-amd64)
GC Precious Log:
 CardTable entry size: 512
 Card Set container configuration: InlinePtr #cards 4 size 8 Array Of Cards #cards 32 size 80 Howl #buckets 8 coarsen threshold 7372 Howl Bitmap #cards 1024 size 144 coarsen threshold 921 Card regions per heap region 1 cards per card region 8192
 CPUs: 20 total, 20 available
 Memory: 32439M
 Large Page Support: Disabled
 NUMA Support: Disabled
 Compressed Oops: Enabled (Zero based)
 Heap Region Size: 4M
 Heap Min Capacity: 8M
 Heap Initial Capacity: 508M
 Heap Max Capacity: 8112M
 Pre-touch: Disabled
 Parallel Workers: 15
 Concurrent Workers: 4
 Concurrent Refinement Workers: 15
 Periodic GC: Disabled
Heap:
 garbage-first heap   total reserved 8306688K, committed 1196032K, used 470046K [0x0000000605000000, 0x0000000800000000)
  region size 4096K, 113 young (462848K), 1 survivors (4096K)
 Metaspace       used 8024K, committed 8256K, reserved 1114112K
  class space    used 729K, committed 832K, reserved 1048576K
GC Heap History (20 events):
Event: 9.289 GC heap before
{Heap before GC invocations=51 (full 0):
 garbage-first heap   total reserved 8306688K, committed 1196032K, used 726449K [0x0000000605000000, 0x0000000800000000)
  region size 4096K, 175 young (716800K), 1 survivors (4096K)
 Metaspace       used 6492K, committed 6720K, reserved 1114112K
  class space    used 565K, committed 640K, reserved 1048576K
}
Event: 9.290 GC heap after
{Heap after GC invocations=52 (full 0):
 garbage-first heap   total reserved 8306688K, committed 1196032K, used 13745K [0x0000000605000000, 0x0000000800000000)
  region size 4096K, 1 young (4096K), 1 survivors (4096K)
 Metaspace       used 6492K, committed 6720K, reserved 1114112K
  class space    used 565K, committed 640K, reserved 1048576K
}
Event: 9.436 GC heap before
{Heap before GC invocations=52 (full 0):
 garbage-first heap   total reserved 8306688K, committed 1196032K, used 726449K [0x0000000605000000, 0x0000000800000000)
  region size 4096K, 175 young (716800K), 1 survivors (4096K)
 Metaspace       used 6492K, committed 6720K, reserved 1114112K
  class space    used 565K, committed 640K, reserved 1048576K
}
Event: 9.437 GC heap after
{Heap after GC invocations=53 (full 0):
 garbage-first heap   total reserved 8306688K, committed 1196032K, used 13743K [0x0000000605000000, 0x0000000800000000)
  region size 4096K, 1 young (4096K), 1 survivors (4096K)
 Metaspace       used 6492K, committed 6720K, reserved 1114112K
  class space    used 565K, committed 640K, reserved 1048576K
}
Event: 9.583 GC heap before
{Heap before GC invocations=53 (full 0):
 garbage-first heap   total reserved 8306688K, committed 1196032K, used 726447K [0x0000000605000000, 0x0000000800000000)
  region size 4096K, 175 young (716800K), 1 survivors (4096K)
 Metaspace       used 6496K, committed 6720K, reserved 1114112K
  class space    used 565K, committed 640K, reserved 1048576K
}
Event: 9.584 GC heap after
{Heap after GC invocations=54 (full 0):
 garbage-first heap   total reserved 8306688K, committed 1196032K, used 13743K [0x0000000605000000, 0x0000000800000000)
  region size 4096K, 1 young (4096K), 1 survivors (4096K)
 Metaspace       used 6496K, committed 6720K, reserved 1114112K
  class space    used 565K, committed 640K, reserved 1048576K
}
Event: 9.732 GC heap before
{Heap before GC invocations=54 (full 0):
 garbage-first heap   total reserved 8306688K, committed 1196032K, used 726447K [0x0000000605000000, 0x0000000800000000)
  region size 4096K, 175 young (716800K), 1 survivors (4096K)
 Metaspace       used 6506K, committed 6720K, reserved 1114112K
  class space    used 565K, committed 640K, reserved 1048576K
}
Event: 9.734 GC heap after
{Heap after GC invocations=55 (full 0):
 garbage-first heap   total reserved 8306688K, committed 1196032K, used 13745K [0x0000000605000000, 0x0000000800000000)
  region size 4096K, 1 young (4096K), 1 survivors (4096K)
 Metaspace       used 6506K, committed 6720K, reserved 1114112K
  class space    used 565K, committed 640K, reserved 1048576K
}
Event: 9.879 GC heap before
{Heap before GC invocations=55 (full 0):
 garbage-first heap   total reserved 8306688K, committed 1196032K, used 726449K [0x0000000605000000, 0x0000000800000000)
  region size 4096K, 175 young (716800K), 1 survivors (4096K)
 Metaspace       used 6507K, committed 6720K, reserved 1114112K
  class space    used 565K, committed 640K, reserved 1048576K
}
Event: 9.880 GC heap after
{Heap after GC invocations=56 (full 0):
 garbage-first heap   total reserved 8306688K, committed 1196032K, used 13745K [0x0000000605000000, 0x0000000800000000)
  region size 4096K, 1 young (4096K), 1 survivors (4096K)
 Metaspace       used 6507K, committed 6720K, reserved 1114112K
  class space    used 565K, committed 640K, reserved 1048576K
}
Event: 10.025 GC heap before
{Heap before GC invocations=56 (full 0):
 garbage-first heap   total reserved 8306688K, committed 1196032K, used 726449K [0x0000000605000000, 0x0000000800000000)
  region size 4096K, 175 young (716800K), 1 survivors (4096K)
 Metaspace       used 6507K, committed 6720K, reserved 1114112K
  class space    used 565K, committed 640K, reserved 1048576K
}
Event: 10.027 GC heap after
{Heap after GC invocations=57 (full 0):
 garbage-first heap   total reserved 8306688K, committed 1196032K, used 13745K [0x0000000605000000, 0x0000000800000000)
  region size 4096K, 1 young (4096K), 1 survivors (4096K)
 Metaspace       used 6507K, committed 6720K, reserved 1114112K
  class space    used 565K, committed 640K, reserved 1048576K
}
Event: 10.174 GC heap before
{Heap before GC invocations=57 (full 0):
 garbage-first heap   total reserved 8306688K, committed 1196032K, used 726449K [0x0000000605000000, 0x0000000800000000)
  region size 4096K, 175 young (716800K), 1 survivors (4096K)
 Metaspace       used 6507K, committed 6720K, reserved 1114112K
  class space    used 565K, committed 640K, reserved 1048576K
}
Event: 10.175 GC heap after
{Heap after GC invocations=58 (full 0):
 garbage-first heap   total reserved 8306688K, committed 1196032K, used 13745K [0x0000000605000000, 0x0000000800000000)
  region size 4096K, 1 young (4096K), 1 survivors (4096K)
 Metaspace       used 6507K, committed 6720K, reserved 1114112K
  class space    used 565K, committed 640K, reserved 1048576K
}
Event: 10.322 GC heap before
{Heap before GC invocations=58 (full 0):
 garbage-first heap   total reserved 8306688K, committed 1196032K, used 726449K [0x0000000605000000, 0x0000000800000000)
  region size 4096K, 175 young (716800K), 1 survivors (4096K)
 Metaspace       used 6507K, committed 6720K, reserved 1114112K
  class space    used 565K, committed 640K, reserved 1048576K
}
Event: 10.323 GC heap after
{Heap after GC invocations=59 (full 0):
 garbage-first heap   total reserved 8306688K, committed 1196032K, used 13745K [0x0000000605000000, 0x0000000800000000)
  region size 4096K, 1 young (4096K), 1 survivors (4096K)
 Metaspace       used 6507K, committed 6720K, reserved 1114112K
  class space    used 565K, committed 640K, reserved 1048576K
}
Event: 10.480 GC heap before
{Heap before GC invocations=59 (full 0):
 garbage-first heap   total reserved 8306688K, committed 1196032K, used 726449K [0x0000000605000000, 0x0000000800000000)
  region size 4096K, 175 young (716800K), 1 survivors (4096K)
 Metaspace       used 6926K, committed 7168K, reserved 1114112K
  class space    used 621K, committed 704K, reserved 1048576K
}
Event: 10.482 GC heap after
{Heap after GC invocations=60 (full 0):
 garbage-first heap   total reserved 8306688K, committed 1196032K, used 14139K [0x0000000605000000, 0x0000000800000000)
  region size 4096K, 1 young (4096K), 1 survivors (4096K)
 Metaspace       used 6926K, committed 7168K, reserved 1114112K
  class space    used 621K, committed 704K, reserved 1048576K
}
Event: 10.648 GC heap before
{Heap before GC invocations=60 (full 0):
 garbage-first heap   total reserved 8306688K, committed 1196032K, used 726843K [0x0000000605000000, 0x0000000800000000)
  region size 4096K, 175 young (716800K), 1 survivors (4096K)
 Metaspace       used 8016K, committed 8256K, reserved 1114112K
  class space    used 729K, committed 832K, reserved 1048576K
}
Event: 10.650 GC heap after
{Heap after GC invocations=61 (full 0):
 garbage-first heap   total reserved 8306688K, committed 1196032K, used 15390K [0x0000000605000000, 0x0000000800000000)
  region size 4096K, 1 young (4096K), 1 survivors (4096K)
 Metaspace       used 8016K, committed 8256K, reserved 1114112K
  class space    used 729K, committed 832K, reserved 1048576K
}

